2026-01-19 09:25:50.949 [IPC-Server] INFO  com.ztxa.client.service.IpcService - IPC 服务端已启动，监听端口: 9123
2026-01-19 09:25:51.389 [JavaFX Application Thread] INFO  com.ztxa.client.service.FileListService - 文件列表服务已初始化
2026-01-19 09:25:51.390 [JavaFX Application Thread] INFO  com.ztxa.client.FileTransferApp - 启动文件轮询任务，间隔: 5 秒
2026-01-19 09:25:52.391 [Timer-0] DEBUG com.ztxa.client.FileTransferApp - 开始轮询文件列表...
2026-01-19 09:25:52.395 [Timer-0] DEBUG com.ztxa.client.service.FileListService - 请求文件列表: http://172.16.6.4:8522/downloadApi/files?page=1&pageSize=100 (page=1, pageSize=100)
2026-01-19 09:26:05.847 [Timer-0] DEBUG com.ztxa.client.service.FileListService - 文件列表响应状态码: 204
2026-01-19 09:26:05.847 [Timer-0] INFO  com.ztxa.client.service.FileListService - 服务端返回 204 No Content，暂无文件
2026-01-19 09:26:05.848 [Timer-0] DEBUG com.ztxa.client.FileTransferApp - 暂无文件
2026-01-19 09:26:05.848 [Timer-0] DEBUG com.ztxa.client.FileTransferApp - 开始轮询文件列表...
2026-01-19 09:26:05.848 [Timer-0] DEBUG com.ztxa.client.service.FileListService - 请求文件列表: http://172.16.6.4:8522/downloadApi/files?page=1&pageSize=100 (page=1, pageSize=100)
2026-01-19 09:26:05.857 [Timer-0] DEBUG com.ztxa.client.service.FileListService - 文件列表响应状态码: 204
2026-01-19 09:26:05.857 [Timer-0] INFO  com.ztxa.client.service.FileListService - 服务端返回 204 No Content，暂无文件
2026-01-19 09:26:05.857 [Timer-0] DEBUG com.ztxa.client.FileTransferApp - 暂无文件
2026-01-19 09:26:05.857 [Timer-0] DEBUG com.ztxa.client.FileTransferApp - 开始轮询文件列表...
2026-01-19 09:26:05.857 [Timer-0] DEBUG com.ztxa.client.service.FileListService - 请求文件列表: http://172.16.6.4:8522/downloadApi/files?page=1&pageSize=100 (page=1, pageSize=100)
2026-01-19 09:26:05.867 [Timer-0] DEBUG com.ztxa.client.service.FileListService - 文件列表响应状态码: 204
2026-01-19 09:26:05.867 [Timer-0] INFO  com.ztxa.client.service.FileListService - 服务端返回 204 No Content，暂无文件
2026-01-19 09:26:05.867 [Timer-0] DEBUG com.ztxa.client.FileTransferApp - 暂无文件
2026-01-19 09:26:07.390 [Timer-0] DEBUG com.ztxa.client.FileTransferApp - 开始轮询文件列表...
2026-01-19 09:26:07.390 [Timer-0] DEBUG com.ztxa.client.service.FileListService - 请求文件列表: http://172.16.6.4:8522/downloadApi/files?page=1&pageSize=100 (page=1, pageSize=100)
2026-01-19 09:26:07.395 [Timer-0] DEBUG com.ztxa.client.service.FileListService - 文件列表响应状态码: 204
2026-01-19 09:26:07.395 [Timer-0] INFO  com.ztxa.client.service.FileListService - 服务端返回 204 No Content，暂无文件
2026-01-19 09:26:07.395 [Timer-0] DEBUG com.ztxa.client.FileTransferApp - 暂无文件
2026-01-19 09:26:12.391 [Timer-0] DEBUG com.ztxa.client.FileTransferApp - 开始轮询文件列表...
2026-01-19 09:26:12.391 [Timer-0] DEBUG com.ztxa.client.service.FileListService - 请求文件列表: http://172.16.6.4:8522/downloadApi/files?page=1&pageSize=100 (page=1, pageSize=100)
2026-01-19 09:26:12.399 [Timer-0] DEBUG com.ztxa.client.service.FileListService - 文件列表响应状态码: 204
2026-01-19 09:26:12.399 [Timer-0] INFO  com.ztxa.client.service.FileListService - 服务端返回 204 No Content，暂无文件
2026-01-19 09:26:12.399 [Timer-0] DEBUG com.ztxa.client.FileTransferApp - 暂无文件
2026-01-19 09:26:17.391 [Timer-0] DEBUG com.ztxa.client.FileTransferApp - 开始轮询文件列表...
2026-01-19 09:26:17.391 [Timer-0] DEBUG com.ztxa.client.service.FileListService - 请求文件列表: http://172.16.6.4:8522/downloadApi/files?page=1&pageSize=100 (page=1, pageSize=100)
2026-01-19 09:26:17.397 [Timer-0] DEBUG com.ztxa.client.service.FileListService - 文件列表响应状态码: 204
2026-01-19 09:26:17.397 [Timer-0] INFO  com.ztxa.client.service.FileListService - 服务端返回 204 No Content，暂无文件
2026-01-19 09:26:17.397 [Timer-0] DEBUG com.ztxa.client.FileTransferApp - 暂无文件
2026-01-19 09:26:22.391 [Timer-0] DEBUG com.ztxa.client.FileTransferApp - 开始轮询文件列表...
2026-01-19 09:26:22.391 [Timer-0] DEBUG com.ztxa.client.service.FileListService - 请求文件列表: http://172.16.6.4:8522/downloadApi/files?page=1&pageSize=100 (page=1, pageSize=100)
2026-01-19 09:26:22.401 [Timer-0] DEBUG com.ztxa.client.service.FileListService - 文件列表响应状态码: 204
2026-01-19 09:26:22.401 [Timer-0] INFO  com.ztxa.client.service.FileListService - 服务端返回 204 No Content，暂无文件
2026-01-19 09:26:22.401 [Timer-0] DEBUG com.ztxa.client.FileTransferApp - 暂无文件
2026-01-19 09:26:27.391 [Timer-0] DEBUG com.ztxa.client.FileTransferApp - 开始轮询文件列表...
2026-01-19 09:26:27.391 [Timer-0] DEBUG com.ztxa.client.service.FileListService - 请求文件列表: http://172.16.6.4:8522/downloadApi/files?page=1&pageSize=100 (page=1, pageSize=100)
2026-01-19 09:26:27.402 [Timer-0] DEBUG com.ztxa.client.service.FileListService - 文件列表响应状态码: 204
2026-01-19 09:26:27.402 [Timer-0] INFO  com.ztxa.client.service.FileListService - 服务端返回 204 No Content，暂无文件
2026-01-19 09:26:27.402 [Timer-0] DEBUG com.ztxa.client.FileTransferApp - 暂无文件
2026-01-19 09:26:32.390 [Timer-0] DEBUG com.ztxa.client.FileTransferApp - 开始轮询文件列表...
2026-01-19 09:26:32.390 [Timer-0] DEBUG com.ztxa.client.service.FileListService - 请求文件列表: http://172.16.6.4:8522/downloadApi/files?page=1&pageSize=100 (page=1, pageSize=100)
2026-01-19 09:26:32.399 [Timer-0] DEBUG com.ztxa.client.service.FileListService - 文件列表响应状态码: 204
2026-01-19 09:26:32.399 [Timer-0] INFO  com.ztxa.client.service.FileListService - 服务端返回 204 No Content，暂无文件
2026-01-19 09:26:32.399 [Timer-0] DEBUG com.ztxa.client.FileTransferApp - 暂无文件
2026-01-19 09:26:37.390 [Timer-0] DEBUG com.ztxa.client.FileTransferApp - 开始轮询文件列表...
2026-01-19 09:26:37.390 [Timer-0] DEBUG com.ztxa.client.service.FileListService - 请求文件列表: http://172.16.6.4:8522/downloadApi/files?page=1&pageSize=100 (page=1, pageSize=100)
2026-01-19 09:26:37.398 [Timer-0] DEBUG com.ztxa.client.service.FileListService - 文件列表响应状态码: 204
2026-01-19 09:26:37.398 [Timer-0] INFO  com.ztxa.client.service.FileListService - 服务端返回 204 No Content，暂无文件
2026-01-19 09:26:37.398 [Timer-0] DEBUG com.ztxa.client.FileTransferApp - 暂无文件
2026-01-19 09:26:41.969 [JavaFX Application Thread] INFO  com.ztxa.client.ui.TransferListController - 从数据库加载 0 个任务
2026-01-19 09:26:42.390 [Timer-0] DEBUG com.ztxa.client.FileTransferApp - 开始轮询文件列表...
2026-01-19 09:26:42.392 [Timer-0] DEBUG com.ztxa.client.service.FileListService - 请求文件列表: http://172.16.6.4:8522/downloadApi/files?page=1&pageSize=100 (page=1, pageSize=100)
2026-01-19 09:26:42.404 [Timer-0] DEBUG com.ztxa.client.service.FileListService - 文件列表响应状态码: 204
2026-01-19 09:26:42.404 [Timer-0] INFO  com.ztxa.client.service.FileListService - 服务端返回 204 No Content，暂无文件
2026-01-19 09:26:42.404 [Timer-0] DEBUG com.ztxa.client.FileTransferApp - 暂无文件
2026-01-19 09:26:47.390 [Timer-0] DEBUG com.ztxa.client.FileTransferApp - 开始轮询文件列表...
2026-01-19 09:26:47.390 [Timer-0] DEBUG com.ztxa.client.service.FileListService - 请求文件列表: http://172.16.6.4:8522/downloadApi/files?page=1&pageSize=100 (page=1, pageSize=100)
2026-01-19 09:26:47.395 [Timer-0] DEBUG com.ztxa.client.service.FileListService - 文件列表响应状态码: 204
2026-01-19 09:26:47.396 [Timer-0] INFO  com.ztxa.client.service.FileListService - 服务端返回 204 No Content，暂无文件
2026-01-19 09:26:47.396 [Timer-0] DEBUG com.ztxa.client.FileTransferApp - 暂无文件
2026-01-19 09:26:52.390 [Timer-0] DEBUG com.ztxa.client.FileTransferApp - 开始轮询文件列表...
2026-01-19 09:26:52.390 [Timer-0] DEBUG com.ztxa.client.service.FileListService - 请求文件列表: http://172.16.6.4:8522/downloadApi/files?page=1&pageSize=100 (page=1, pageSize=100)
2026-01-19 09:26:52.399 [Timer-0] DEBUG com.ztxa.client.service.FileListService - 文件列表响应状态码: 204
2026-01-19 09:26:52.399 [Timer-0] INFO  com.ztxa.client.service.FileListService - 服务端返回 204 No Content，暂无文件
2026-01-19 09:26:52.399 [Timer-0] DEBUG com.ztxa.client.FileTransferApp - 暂无文件
2026-01-19 09:26:57.390 [Timer-0] DEBUG com.ztxa.client.FileTransferApp - 开始轮询文件列表...
2026-01-19 09:26:57.390 [Timer-0] DEBUG com.ztxa.client.service.FileListService - 请求文件列表: http://172.16.6.4:8522/downloadApi/files?page=1&pageSize=100 (page=1, pageSize=100)
2026-01-19 09:26:57.398 [Timer-0] DEBUG com.ztxa.client.service.FileListService - 文件列表响应状态码: 204
2026-01-19 09:26:57.398 [Timer-0] INFO  com.ztxa.client.service.FileListService - 服务端返回 204 No Content，暂无文件
2026-01-19 09:26:57.398 [Timer-0] DEBUG com.ztxa.client.FileTransferApp - 暂无文件
2026-01-19 09:27:02.391 [Timer-0] DEBUG com.ztxa.client.FileTransferApp - 开始轮询文件列表...
2026-01-19 09:27:02.391 [Timer-0] DEBUG com.ztxa.client.service.FileListService - 请求文件列表: http://172.16.6.4:8522/downloadApi/files?page=1&pageSize=100 (page=1, pageSize=100)
2026-01-19 09:27:02.399 [Timer-0] DEBUG com.ztxa.client.service.FileListService - 文件列表响应状态码: 204
2026-01-19 09:27:02.399 [Timer-0] INFO  com.ztxa.client.service.FileListService - 服务端返回 204 No Content，暂无文件
2026-01-19 09:27:02.399 [Timer-0] DEBUG com.ztxa.client.FileTransferApp - 暂无文件
2026-01-19 09:27:07.391 [Timer-0] DEBUG com.ztxa.client.FileTransferApp - 开始轮询文件列表...
2026-01-19 09:27:07.391 [Timer-0] DEBUG com.ztxa.client.service.FileListService - 请求文件列表: http://172.16.6.4:8522/downloadApi/files?page=1&pageSize=100 (page=1, pageSize=100)
2026-01-19 09:27:07.399 [Timer-0] DEBUG com.ztxa.client.service.FileListService - 文件列表响应状态码: 204
2026-01-19 09:27:07.399 [Timer-0] INFO  com.ztxa.client.service.FileListService - 服务端返回 204 No Content，暂无文件
2026-01-19 09:27:07.399 [Timer-0] DEBUG com.ztxa.client.FileTransferApp - 暂无文件
2026-01-19 09:27:12.391 [Timer-0] DEBUG com.ztxa.client.FileTransferApp - 开始轮询文件列表...
2026-01-19 09:27:12.391 [Timer-0] DEBUG com.ztxa.client.service.FileListService - 请求文件列表: http://172.16.6.4:8522/downloadApi/files?page=1&pageSize=100 (page=1, pageSize=100)
2026-01-19 09:27:12.400 [Timer-0] DEBUG com.ztxa.client.service.FileListService - 文件列表响应状态码: 204
2026-01-19 09:27:12.400 [Timer-0] INFO  com.ztxa.client.service.FileListService - 服务端返回 204 No Content，暂无文件
2026-01-19 09:27:12.400 [Timer-0] DEBUG com.ztxa.client.FileTransferApp - 暂无文件
2026-01-19 09:27:17.390 [Timer-0] DEBUG com.ztxa.client.FileTransferApp - 开始轮询文件列表...
2026-01-19 09:27:17.390 [Timer-0] DEBUG com.ztxa.client.service.FileListService - 请求文件列表: http://172.16.6.4:8522/downloadApi/files?page=1&pageSize=100 (page=1, pageSize=100)
2026-01-19 09:27:17.397 [Timer-0] DEBUG com.ztxa.client.service.FileListService - 文件列表响应状态码: 204
2026-01-19 09:27:17.397 [Timer-0] INFO  com.ztxa.client.service.FileListService - 服务端返回 204 No Content，暂无文件
2026-01-19 09:27:17.397 [Timer-0] DEBUG com.ztxa.client.FileTransferApp - 暂无文件
2026-01-19 09:27:22.390 [Timer-0] DEBUG com.ztxa.client.FileTransferApp - 开始轮询文件列表...
2026-01-19 09:27:22.390 [Timer-0] DEBUG com.ztxa.client.service.FileListService - 请求文件列表: http://172.16.6.4:8522/downloadApi/files?page=1&pageSize=100 (page=1, pageSize=100)
2026-01-19 09:27:22.399 [Timer-0] DEBUG com.ztxa.client.service.FileListService - 文件列表响应状态码: 204
2026-01-19 09:27:22.399 [Timer-0] INFO  com.ztxa.client.service.FileListService - 服务端返回 204 No Content，暂无文件
2026-01-19 09:27:22.399 [Timer-0] DEBUG com.ztxa.client.FileTransferApp - 暂无文件
2026-01-19 09:27:27.391 [Timer-0] DEBUG com.ztxa.client.FileTransferApp - 开始轮询文件列表...
2026-01-19 09:27:27.391 [Timer-0] DEBUG com.ztxa.client.service.FileListService - 请求文件列表: http://172.16.6.4:8522/downloadApi/files?page=1&pageSize=100 (page=1, pageSize=100)
2026-01-19 09:27:27.401 [Timer-0] DEBUG com.ztxa.client.service.FileListService - 文件列表响应状态码: 204
2026-01-19 09:27:27.401 [Timer-0] INFO  com.ztxa.client.service.FileListService - 服务端返回 204 No Content，暂无文件
2026-01-19 09:27:27.401 [Timer-0] DEBUG com.ztxa.client.FileTransferApp - 暂无文件
2026-01-19 09:27:32.391 [Timer-0] DEBUG com.ztxa.client.FileTransferApp - 开始轮询文件列表...
2026-01-19 09:27:32.392 [Timer-0] DEBUG com.ztxa.client.service.FileListService - 请求文件列表: http://172.16.6.4:8522/downloadApi/files?page=1&pageSize=100 (page=1, pageSize=100)
2026-01-19 09:27:32.400 [Timer-0] DEBUG com.ztxa.client.service.FileListService - 文件列表响应状态码: 204
2026-01-19 09:27:32.401 [Timer-0] INFO  com.ztxa.client.service.FileListService - 服务端返回 204 No Content，暂无文件
2026-01-19 09:27:32.401 [Timer-0] DEBUG com.ztxa.client.FileTransferApp - 暂无文件
2026-01-19 09:27:37.391 [Timer-0] DEBUG com.ztxa.client.FileTransferApp - 开始轮询文件列表...
2026-01-19 09:27:37.391 [Timer-0] DEBUG com.ztxa.client.service.FileListService - 请求文件列表: http://172.16.6.4:8522/downloadApi/files?page=1&pageSize=100 (page=1, pageSize=100)
2026-01-19 09:27:37.399 [Timer-0] DEBUG com.ztxa.client.service.FileListService - 文件列表响应状态码: 204
2026-01-19 09:27:37.399 [Timer-0] INFO  com.ztxa.client.service.FileListService - 服务端返回 204 No Content，暂无文件
2026-01-19 09:27:37.399 [Timer-0] DEBUG com.ztxa.client.FileTransferApp - 暂无文件
2026-01-19 09:27:42.392 [Timer-0] DEBUG com.ztxa.client.FileTransferApp - 开始轮询文件列表...
2026-01-19 09:27:42.392 [Timer-0] DEBUG com.ztxa.client.service.FileListService - 请求文件列表: http://172.16.6.4:8522/downloadApi/files?page=1&pageSize=100 (page=1, pageSize=100)
2026-01-19 09:27:42.408 [Timer-0] DEBUG com.ztxa.client.service.FileListService - 文件列表响应状态码: 204
2026-01-19 09:27:42.408 [Timer-0] INFO  com.ztxa.client.service.FileListService - 服务端返回 204 No Content，暂无文件
2026-01-19 09:27:42.408 [Timer-0] DEBUG com.ztxa.client.FileTransferApp - 暂无文件
2026-01-19 09:27:47.390 [Timer-0] DEBUG com.ztxa.client.FileTransferApp - 开始轮询文件列表...
2026-01-19 09:27:47.390 [Timer-0] DEBUG com.ztxa.client.service.FileListService - 请求文件列表: http://172.16.6.4:8522/downloadApi/files?page=1&pageSize=100 (page=1, pageSize=100)
2026-01-19 09:27:47.399 [Timer-0] DEBUG com.ztxa.client.service.FileListService - 文件列表响应状态码: 204
2026-01-19 09:27:47.399 [Timer-0] INFO  com.ztxa.client.service.FileListService - 服务端返回 204 No Content，暂无文件
2026-01-19 09:27:47.399 [Timer-0] DEBUG com.ztxa.client.FileTransferApp - 暂无文件
2026-01-19 09:27:52.391 [Timer-0] DEBUG com.ztxa.client.FileTransferApp - 开始轮询文件列表...
2026-01-19 09:27:52.391 [Timer-0] DEBUG com.ztxa.client.service.FileListService - 请求文件列表: http://172.16.6.4:8522/downloadApi/files?page=1&pageSize=100 (page=1, pageSize=100)
2026-01-19 09:27:52.396 [Timer-0] DEBUG com.ztxa.client.service.FileListService - 文件列表响应状态码: 204
2026-01-19 09:27:52.396 [Timer-0] INFO  com.ztxa.client.service.FileListService - 服务端返回 204 No Content，暂无文件
2026-01-19 09:27:52.397 [Timer-0] DEBUG com.ztxa.client.FileTransferApp - 暂无文件
2026-01-19 09:27:54.572 [JavaFX Application Thread] INFO  com.ztxa.client.service.FileListService - 文件列表服务已关闭
